<?xml version="1.0" encoding="UTF-8"?>
<!-- Generated by org.testng.reporters.JUnitReportReporter -->
<testsuite skipped="0" hostname="DESKTOP-VII0J20" name="com.FalconTalk.Basic.About" tests="4" failures="0" timestamp="2021-09-07T17:22:10 BDT" time="8.695" errors="0">
  <testcase name="EULATest" time="2.225" classname="com.FalconTalk.Basic.About"/>
  <system-out/>
  <testcase name="AppNameTest" time="0.124" classname="com.FalconTalk.Basic.About"/>
  <system-out/>
  <testcase name="PrivacyStatementTest" time="2.977" classname="com.FalconTalk.Basic.About"/>
  <system-out/>
  <testcase name="AboutPageTest" time="3.369" classname="com.FalconTalk.Basic.About"/>
  <system-out/>
</testsuite> <!-- com.FalconTalk.Basic.About -->
