<?xml version="1.0" encoding="UTF-8"?>
<!-- Generated by org.testng.reporters.JUnitReportReporter -->
<testsuite skipped="0" hostname="DESKTOP-VII0J20" name="com.FalconTalk.com.AddProfile.CabinProfile" tests="7" failures="0" timestamp="2021-07-05T21:04:13 BDT" time="37.806" errors="0">
  <testcase name="CabinRouterPageforGogo" time="5.346" classname="com.FalconTalk.com.AddProfile.CabinProfile"/>
  <system-out/>
  <testcase name="CabinRouterPageforHoneywellLegacy" time="5.990" classname="com.FalconTalk.com.AddProfile.CabinProfile"/>
  <system-out/>
  <testcase name="CabinRouterPageforHoneywellFc" time="5.884" classname="com.FalconTalk.com.AddProfile.CabinProfile"/>
  <system-out/>
  <testcase name="CabinRouterPageforHoneywellCNX" time="5.830" classname="com.FalconTalk.com.AddProfile.CabinProfile"/>
  <system-out/>
  <testcase name="CabinRouterPageforHoneywellGDR" time="5.997" classname="com.FalconTalk.com.AddProfile.CabinProfile"/>
  <system-out/>
  <testcase name="CabinRouterPageforSatcom" time="5.884" classname="com.FalconTalk.com.AddProfile.CabinProfile"/>
  <system-out/>
  <testcase name="CabinRouterPageforCustom" time="2.875" classname="com.FalconTalk.com.AddProfile.CabinProfile"/>
  <system-out/>
</testsuite> <!-- com.FalconTalk.com.AddProfile.CabinProfile -->
