<?xml version="1.0" encoding="UTF-8"?>
<!-- Generated by org.testng.reporters.JUnitReportReporter -->
<testsuite skipped="0" hostname="DESKTOP-VII0J20" name="com.FalconTalk.HoneywellAccount.HoneywellAccount" tests="4" failures="0" timestamp="2021-09-09T14:05:19 BDT" time="18.919" errors="0">
  <testcase name="HoneywellAccountNumberButtonTest" time="1.335" classname="com.FalconTalk.HoneywellAccount.HoneywellAccount"/>
  <system-out/>
  <testcase name="CancelButtonLoginPageTest" time="0.750" classname="com.FalconTalk.HoneywellAccount.HoneywellAccount"/>
  <system-out/>
  <testcase name="EmptyFieldValidationTest" time="7.395" classname="com.FalconTalk.HoneywellAccount.HoneywellAccount"/>
  <system-out/>
  <testcase name="VerifyTheAuthenticationTest" time="9.439" classname="com.FalconTalk.HoneywellAccount.HoneywellAccount"/>
  <system-out/>
</testsuite> <!-- com.FalconTalk.HoneywellAccount.HoneywellAccount -->
