<?xml version="1.0" encoding="UTF-8"?>
<!-- Generated by org.testng.reporters.JUnitReportReporter -->
<testsuite skipped="0" hostname="DESKTOP-VII0J20" name="com.FalconTalk.AutoDiscovery.ExtensionSelectionAxxess" tests="7" failures="0" timestamp="2021-03-02T17:03:20 BDT" time="39.417" errors="0">
  <testcase name="RingGroupExtensionAxxessTest" time="8.774" classname="com.FalconTalk.AutoDiscovery.ExtensionSelectionAxxess"/>
  <system-out/>
  <testcase name="DisplayNameTest" time="0.106" classname="com.FalconTalk.AutoDiscovery.ExtensionSelectionAxxess"/>
  <system-out/>
  <testcase name="RingGroupExtensionAxxessSelectTest" time="5.148" classname="com.FalconTalk.AutoDiscovery.ExtensionSelectionAxxess"/>
  <system-out/>
  <testcase name="CancelButtonAxxessTest" time="1.674" classname="com.FalconTalk.AutoDiscovery.ExtensionSelectionAxxess"/>
  <system-out/>
  <testcase name="ApplyButtonAxxessTest" time="20.006" classname="com.FalconTalk.AutoDiscovery.ExtensionSelectionAxxess"/>
  <system-out/>
  <testcase name="AccountStatusTest" time="2.318" classname="com.FalconTalk.AutoDiscovery.ExtensionSelectionAxxess"/>
  <system-out/>
  <testcase name="ProfilePageAccountNameTest" time="1.391" classname="com.FalconTalk.AutoDiscovery.ExtensionSelectionAxxess"/>
  <system-out/>
</testsuite> <!-- com.FalconTalk.AutoDiscovery.ExtensionSelectionAxxess -->
