<?xml version="1.0" encoding="UTF-8"?>
<!-- Generated by org.testng.reporters.JUnitReportReporter -->
<testsuite skipped="0" hostname="DESKTOP-VII0J20" name="com.FalconTalk.CabinModeConfiguration.VerifyCabinDevice" tests="2" failures="0" timestamp="2021-09-06T20:21:34 BDT" time="122.322" errors="0">
  <testcase name="CabinAccountNameInKeypadTest" time="61.644" classname="com.FalconTalk.CabinModeConfiguration.VerifyCabinDevice"/>
  <system-out/>
  <testcase name="CabinAccountStatusShowingOnKeypadTest" time="60.678" classname="com.FalconTalk.CabinModeConfiguration.VerifyCabinDevice"/>
  <system-out/>
</testsuite> <!-- com.FalconTalk.CabinModeConfiguration.VerifyCabinDevice -->
