<?xml version="1.0" encoding="UTF-8"?>
<!-- Generated by org.testng.reporters.JUnitReportReporter -->
<testsuite skipped="0" hostname="DESKTOP-VII0J20" name="com.FalconTalk.com.AddProfile.ManufacturerProfile" tests="5" failures="0" timestamp="2021-07-05T21:06:12 BDT" time="12.302" errors="0">
  <testcase name="manufacturerselectionTest" time="1.401" classname="com.FalconTalk.com.AddProfile.ManufacturerProfile"/>
  <system-out/>
  <testcase name="manufacturerSelectionandgogoApplyButtonTest" time="1.997" classname="com.FalconTalk.com.AddProfile.ManufacturerProfile"/>
  <system-out/>
  <testcase name="manufacturerSelectionandhoneywellApplyButtonTest" time="3.009" classname="com.FalconTalk.com.AddProfile.ManufacturerProfile"/>
  <system-out/>
  <testcase name="manufacturerSelectionsatcomDirectApplyButtonTest" time="3.019" classname="com.FalconTalk.com.AddProfile.ManufacturerProfile"/>
  <system-out/>
  <testcase name="manufacturerSelectioncustomApplyButtonTest" time="2.876" classname="com.FalconTalk.com.AddProfile.ManufacturerProfile"/>
  <system-out/>
</testsuite> <!-- com.FalconTalk.com.AddProfile.ManufacturerProfile -->
