<?xml version="1.0" encoding="UTF-8"?>
<!-- Generated by org.testng.reporters.JUnitReportReporter -->
<testsuite skipped="0" hostname="DESKTOP-VII0J20" name="com.FalconTalk.ManualAccountConfiguration.ExtensionSelectionProfile" tests="23" failures="0" timestamp="2021-09-05T15:55:20 BDT" time="37.722" errors="0">
  <testcase name="ExtensionSelectionforGogoTest" time="5.056" classname="com.FalconTalk.ManualAccountConfiguration.ExtensionSelectionProfile"/>
  <system-out/>
  <testcase name="RingGroupNameforGogoTest" time="0.340" classname="com.FalconTalk.ManualAccountConfiguration.ExtensionSelectionProfile"/>
  <system-out/>
  <testcase name="DisplayNameforGogoTest" time="1.443" classname="com.FalconTalk.ManualAccountConfiguration.ExtensionSelectionProfile"/>
  <system-out/>
  <testcase name="ExtensionSelectionforLegacyTest" time="5.891" classname="com.FalconTalk.ManualAccountConfiguration.ExtensionSelectionProfile"/>
  <system-out/>
  <testcase name="PasswordFieldforLegacyTest" time="0.735" classname="com.FalconTalk.ManualAccountConfiguration.ExtensionSelectionProfile"/>
  <system-out/>
  <testcase name="RingGroupNameforLegacyTest" time="0.348" classname="com.FalconTalk.ManualAccountConfiguration.ExtensionSelectionProfile"/>
  <system-out/>
  <testcase name="DisplayNameforLegacyTest" time="0.839" classname="com.FalconTalk.ManualAccountConfiguration.ExtensionSelectionProfile"/>
  <system-out/>
  <testcase name="ExtensionSelectionforFcTest" time="3.459" classname="com.FalconTalk.ManualAccountConfiguration.ExtensionSelectionProfile"/>
  <system-out/>
  <testcase name="PasswordFieldforFcTest" time="0.758" classname="com.FalconTalk.ManualAccountConfiguration.ExtensionSelectionProfile"/>
  <system-out/>
  <testcase name="RingGroupNameforFcTest" time="0.455" classname="com.FalconTalk.ManualAccountConfiguration.ExtensionSelectionProfile"/>
  <system-out/>
  <testcase name="DisplayNameforFcTest" time="0.843" classname="com.FalconTalk.ManualAccountConfiguration.ExtensionSelectionProfile"/>
  <system-out/>
  <testcase name="ExtensionSelectionforCNXTest" time="3.479" classname="com.FalconTalk.ManualAccountConfiguration.ExtensionSelectionProfile"/>
  <system-out/>
  <testcase name="PasswordFieldforCNX900Test" time="0.736" classname="com.FalconTalk.ManualAccountConfiguration.ExtensionSelectionProfile"/>
  <system-out/>
  <testcase name="RingGroupNameforCNXTest" time="0.132" classname="com.FalconTalk.ManualAccountConfiguration.ExtensionSelectionProfile"/>
  <system-out/>
  <testcase name="DisplayNameforCNXTest" time="0.860" classname="com.FalconTalk.ManualAccountConfiguration.ExtensionSelectionProfile"/>
  <system-out/>
  <testcase name="ExtensionSelectionforGDRTest" time="3.423" classname="com.FalconTalk.ManualAccountConfiguration.ExtensionSelectionProfile"/>
  <system-out/>
  <testcase name="PasswordFieldforGDRTest" time="0.730" classname="com.FalconTalk.ManualAccountConfiguration.ExtensionSelectionProfile"/>
  <system-out/>
  <testcase name="RingGroupNameforGDRTest" time="0.092" classname="com.FalconTalk.ManualAccountConfiguration.ExtensionSelectionProfile"/>
  <system-out/>
  <testcase name="DisplayNameforGDRTest" time="1.466" classname="com.FalconTalk.ManualAccountConfiguration.ExtensionSelectionProfile"/>
  <system-out/>
  <testcase name="ExtensionSelectionforSDRTest" time="5.538" classname="com.FalconTalk.ManualAccountConfiguration.ExtensionSelectionProfile"/>
  <system-out/>
  <testcase name="PasswordFieldforSDRTest" time="0.739" classname="com.FalconTalk.ManualAccountConfiguration.ExtensionSelectionProfile"/>
  <system-out/>
  <testcase name="RingGroupNameforSDRTest" time="0.303" classname="com.FalconTalk.ManualAccountConfiguration.ExtensionSelectionProfile"/>
  <system-out/>
  <testcase name="DisplayNameforSDRTest" time="0.057" classname="com.FalconTalk.ManualAccountConfiguration.ExtensionSelectionProfile"/>
  <system-out/>
</testsuite> <!-- com.FalconTalk.ManualAccountConfiguration.ExtensionSelectionProfile -->
