<?xml version="1.0" encoding="UTF-8"?>
<!-- Generated by org.testng.reporters.JUnitReportReporter -->
<testsuite skipped="0" hostname="DESKTOP-VII0J20" name="com.FalconTalk.CabinModeConfiguration.ConfigureCabinDevice" tests="7" failures="0" timestamp="2021-09-06T18:48:07 BDT" time="27.661" errors="0">
  <testcase name="ConfigureCabinDevicePageTest" time="6.593" classname="com.FalconTalk.CabinModeConfiguration.ConfigureCabinDevice"/>
  <system-out/>
  <testcase name="TostMessageTest" time="0.643" classname="com.FalconTalk.CabinModeConfiguration.ConfigureCabinDevice"/>
  <system-out/>
  <testcase name="CabinAccountAndExtensionSelectionPageTest" time="1.401" classname="com.FalconTalk.CabinModeConfiguration.ConfigureCabinDevice"/>
  <system-out/>
  <testcase name="AllCabinAccountIsFreeTest" time="0.508" classname="com.FalconTalk.CabinModeConfiguration.ConfigureCabinDevice"/>
  <system-out/>
  <testcase name="CabinAccountandExtensionRangeTest" time="6.668" classname="com.FalconTalk.CabinModeConfiguration.ConfigureCabinDevice"/>
  <system-out/>
  <testcase name="ApplyButtonActiveTest" time="9.987" classname="com.FalconTalk.CabinModeConfiguration.ConfigureCabinDevice"/>
  <system-out/>
  <testcase name="ApplyButtonPressAndAutoDiscoveryStartTest" time="1.861" classname="com.FalconTalk.CabinModeConfiguration.ConfigureCabinDevice"/>
  <system-out/>
</testsuite> <!-- com.FalconTalk.CabinModeConfiguration.ConfigureCabinDevice -->
