<?xml version="1.0" encoding="UTF-8"?>
<!-- Generated by org.testng.reporters.JUnitReportReporter -->
<testsuite skipped="0" hostname="DESKTOP-VII0J20" name="AutomationTest.FalconTalkAndroid.Keypad.Keypad" tests="4" failures="0" timestamp="2021-02-24T17:11:00 BDT" time="5.183" errors="0">
  <testcase name="AccountStatusTest" time="0.377" classname="AutomationTest.FalconTalkAndroid.Keypad.Keypad"/>
  <system-out/>
  <testcase name="ProfileNameTest" time="0.730" classname="AutomationTest.FalconTalkAndroid.Keypad.Keypad"/>
  <system-out/>
  <testcase name="ProfileNameNaveTest" time="2.043" classname="AutomationTest.FalconTalkAndroid.Keypad.Keypad"/>
  <system-out/>
  <testcase name="AccountStatusNaveTest" time="2.033" classname="AutomationTest.FalconTalkAndroid.Keypad.Keypad"/>
  <system-out/>
</testsuite> <!-- AutomationTest.FalconTalkAndroid.Keypad.Keypad -->
