<?xml version="1.0" encoding="UTF-8"?>
<!-- Generated by org.testng.reporters.JUnitReportReporter -->
<testsuite skipped="0" hostname="DESKTOP-VII0J20" name="AutomationTest.FalconTalkAndroid.Basic.About2" tests="4" failures="0" timestamp="2021-02-24T17:11:00 BDT" time="9.817" errors="0">
  <testcase name="AboutPageTest" time="3.593" classname="AutomationTest.FalconTalkAndroid.Basic.About2"/>
  <system-out/>
  <testcase name="PrivacyStatementTest" time="2.748" classname="AutomationTest.FalconTalkAndroid.Basic.About2"/>
  <system-out/>
  <testcase name="AppNameTest" time="0.214" classname="AutomationTest.FalconTalkAndroid.Basic.About2"/>
  <system-out/>
  <testcase name="EULATest" time="3.262" classname="AutomationTest.FalconTalkAndroid.Basic.About2"/>
  <system-out/>
</testsuite> <!-- AutomationTest.FalconTalkAndroid.Basic.About2 -->
