<?xml version="1.0" encoding="UTF-8"?>
<!-- Generated by org.testng.reporters.JUnitReportReporter -->
<testsuite skipped="0" hostname="DESKTOP-VII0J20" name="AutomationTest.FalconTalkAndroid.Basic.About" tests="4" failures="0" timestamp="2021-02-24T17:11:00 BDT" time="14.266" errors="0">
  <testcase name="AboutPageTest" time="7.652" classname="AutomationTest.FalconTalkAndroid.Basic.About"/>
  <system-out/>
  <testcase name="AppNameTest" time="0.119" classname="AutomationTest.FalconTalkAndroid.Basic.About"/>
  <system-out/>
  <testcase name="PrivacyStatementTest" time="3.531" classname="AutomationTest.FalconTalkAndroid.Basic.About"/>
  <system-out/>
  <testcase name="EULATest" time="2.964" classname="AutomationTest.FalconTalkAndroid.Basic.About"/>
  <system-out/>
</testsuite> <!-- AutomationTest.FalconTalkAndroid.Basic.About -->
