<?xml version="1.0" encoding="UTF-8"?>
<!-- Generated by org.testng.reporters.JUnitReportReporter -->
<testsuite skipped="0" hostname="DESKTOP-VII0J20" name="AutomationTest.FalconTalkAndroid.Basic.Permission" tests="1" failures="0" timestamp="2021-02-11T18:33:10 BDT" time="0.001" errors="0">
  <testcase name="DenyPermission" time="0.001" classname="AutomationTest.FalconTalkAndroid.Basic.Permission"/>
  <system-out/>
</testsuite> <!-- AutomationTest.FalconTalkAndroid.Basic.Permission -->
