<?xml version="1.0" encoding="UTF-8"?>
<!-- Generated by org.testng.reporters.JUnitReportReporter -->
<testsuite skipped="0" hostname="DESKTOP-VII0J20" name="com.FalconTalk.AddProfile.ManufacturerProfile" tests="5" failures="0" timestamp="2021-07-07T17:37:03 BDT" time="12.341" errors="0">
  <testcase name="manufacturerselectionTest" time="1.100" classname="com.FalconTalk.AddProfile.ManufacturerProfile"/>
  <system-out/>
  <testcase name="manufacturerSelectionandgogoApplyButtonTest" time="1.996" classname="com.FalconTalk.AddProfile.ManufacturerProfile"/>
  <system-out/>
  <testcase name="manufacturerSelectionandhoneywellApplyButtonTest" time="2.926" classname="com.FalconTalk.AddProfile.ManufacturerProfile"/>
  <system-out/>
  <testcase name="manufacturerSelectionsatcomDirectApplyButtonTest" time="3.497" classname="com.FalconTalk.AddProfile.ManufacturerProfile"/>
  <system-out/>
  <testcase name="manufacturerSelectioncustomApplyButtonTest" time="2.822" classname="com.FalconTalk.AddProfile.ManufacturerProfile"/>
  <system-out/>
</testsuite> <!-- com.FalconTalk.AddProfile.ManufacturerProfile -->
