<?xml version="1.0" encoding="UTF-8"?>
<!-- Generated by org.testng.reporters.JUnitReportReporter -->
<testsuite skipped="0" hostname="DESKTOP-VII0J20" name="com.FalconTalk.AddProfile.ExtensionSelectionProfile" tests="18" failures="0" timestamp="2021-07-07T17:39:58 BDT" time="33.669" errors="0">
  <testcase name="ExtensionSelectionforGogoTest" time="5.033" classname="com.FalconTalk.AddProfile.ExtensionSelectionProfile"/>
  <system-out/>
  <testcase name="RingGroupNameforGogoTest" time="0.450" classname="com.FalconTalk.AddProfile.ExtensionSelectionProfile"/>
  <system-out/>
  <testcase name="DisplayNameforGogoTest" time="1.500" classname="com.FalconTalk.AddProfile.ExtensionSelectionProfile"/>
  <system-out/>
  <testcase name="ExtensionSelectionforLegacyTest" time="5.679" classname="com.FalconTalk.AddProfile.ExtensionSelectionProfile"/>
  <system-out/>
  <testcase name="RingGroupNameforLegacyTest" time="0.524" classname="com.FalconTalk.AddProfile.ExtensionSelectionProfile"/>
  <system-out/>
  <testcase name="DisplayNameforLegacyTest" time="0.816" classname="com.FalconTalk.AddProfile.ExtensionSelectionProfile"/>
  <system-out/>
  <testcase name="ExtensionSelectionforFcTest" time="3.400" classname="com.FalconTalk.AddProfile.ExtensionSelectionProfile"/>
  <system-out/>
  <testcase name="RingGroupNameforFcTest" time="0.479" classname="com.FalconTalk.AddProfile.ExtensionSelectionProfile"/>
  <system-out/>
  <testcase name="DisplayNameforFcTest" time="0.797" classname="com.FalconTalk.AddProfile.ExtensionSelectionProfile"/>
  <system-out/>
  <testcase name="ExtensionSelectionforCNXTest" time="3.374" classname="com.FalconTalk.AddProfile.ExtensionSelectionProfile"/>
  <system-out/>
  <testcase name="RingGroupNameforCNXTest" time="0.162" classname="com.FalconTalk.AddProfile.ExtensionSelectionProfile"/>
  <system-out/>
  <testcase name="DisplayNameforCNXTest" time="0.792" classname="com.FalconTalk.AddProfile.ExtensionSelectionProfile"/>
  <system-out/>
  <testcase name="ExtensionSelectionforGDRTest" time="3.368" classname="com.FalconTalk.AddProfile.ExtensionSelectionProfile"/>
  <system-out/>
  <testcase name="RingGroupNameforGDRTest" time="0.163" classname="com.FalconTalk.AddProfile.ExtensionSelectionProfile"/>
  <system-out/>
  <testcase name="DisplayNameforGDRTest" time="1.395" classname="com.FalconTalk.AddProfile.ExtensionSelectionProfile"/>
  <system-out/>
  <testcase name="ExtensionSelectionforSDRTest" time="5.365" classname="com.FalconTalk.AddProfile.ExtensionSelectionProfile"/>
  <system-out/>
  <testcase name="RingGroupNameforSDRTest" time="0.319" classname="com.FalconTalk.AddProfile.ExtensionSelectionProfile"/>
  <system-out/>
  <testcase name="DisplayNameforSDRTest" time="0.053" classname="com.FalconTalk.AddProfile.ExtensionSelectionProfile"/>
  <system-out/>
</testsuite> <!-- com.FalconTalk.AddProfile.ExtensionSelectionProfile -->
