<?xml version="1.0" encoding="UTF-8"?>
<!-- Generated by org.testng.reporters.JUnitReportReporter -->
<testsuite skipped="0" hostname="DESKTOP-VII0J20" name="com.FalconTalk.ManualAccountConfiguration.CabinProfile" tests="7" failures="0" timestamp="2021-09-07T17:37:26 BDT" time="42.542" errors="0">
  <testcase name="CabinRouterPageforGogo" time="6.488" classname="com.FalconTalk.ManualAccountConfiguration.CabinProfile"/>
  <system-out/>
  <testcase name="CabinRouterPageforHoneywellLegacy" time="7.012" classname="com.FalconTalk.ManualAccountConfiguration.CabinProfile"/>
  <system-out/>
  <testcase name="CabinRouterPageforHoneywellFc" time="6.382" classname="com.FalconTalk.ManualAccountConfiguration.CabinProfile"/>
  <system-out/>
  <testcase name="CabinRouterPageforHoneywellCNX" time="6.582" classname="com.FalconTalk.ManualAccountConfiguration.CabinProfile"/>
  <system-out/>
  <testcase name="CabinRouterPageforHoneywellGDR" time="6.297" classname="com.FalconTalk.ManualAccountConfiguration.CabinProfile"/>
  <system-out/>
  <testcase name="CabinRouterPageforSatcom" time="6.127" classname="com.FalconTalk.ManualAccountConfiguration.CabinProfile"/>
  <system-out/>
  <testcase name="CabinRouterPageforCustom" time="3.654" classname="com.FalconTalk.ManualAccountConfiguration.CabinProfile"/>
  <system-out/>
</testsuite> <!-- com.FalconTalk.ManualAccountConfiguration.CabinProfile -->
