<?xml version="1.0" encoding="UTF-8"?>
<!-- Generated by org.testng.reporters.JUnitReportReporter -->
<testsuite skipped="0" hostname="DESKTOP-VII0J20" name="com.FalconTalk.AutoDiscovery.AutoDiscovery" tests="2" failures="0" timestamp="2021-09-07T17:13:47 BDT" time="2.538" errors="0">
  <testcase name="RouterListTest" time="1.507" classname="com.FalconTalk.AutoDiscovery.AutoDiscovery"/>
  <system-out/>
  <testcase name="SkipButtonTest" time="1.031" classname="com.FalconTalk.AutoDiscovery.AutoDiscovery"/>
  <system-out/>
</testsuite> <!-- com.FalconTalk.AutoDiscovery.AutoDiscovery -->
