<?xml version="1.0" encoding="UTF-8"?>
<!-- Generated by org.testng.reporters.JUnitReportReporter -->
<testsuite skipped="0" hostname="DESKTOP-VII0J20" name="com.FalconTalk.com.AddProfile.AddProfile" tests="5" failures="0" timestamp="2021-05-04T17:05:43 BDT" time="13.424" errors="0">
  <testcase name="manufacturerselectionTest" time="2.424" classname="com.FalconTalk.com.AddProfile.AddProfile"/>
  <system-out/>
  <testcase name="manufacturerSelectionandgogoApplyButtonTest" time="2.362" classname="com.FalconTalk.com.AddProfile.AddProfile"/>
  <system-out/>
  <testcase name="manufacturerSelectionandhoneywellApplyButtonTest" time="2.872" classname="com.FalconTalk.com.AddProfile.AddProfile"/>
  <system-out/>
  <testcase name="manufacturerSelectionsatcomDirectApplyButtonTest" time="2.966" classname="com.FalconTalk.com.AddProfile.AddProfile"/>
  <system-out/>
  <testcase name="manufacturerSelectioncustomApplyButtonTest" time="2.800" classname="com.FalconTalk.com.AddProfile.AddProfile"/>
  <system-out/>
</testsuite> <!-- com.FalconTalk.com.AddProfile.AddProfile -->
