<?xml version="1.0" encoding="UTF-8"?>
<!-- Generated by org.testng.reporters.JUnitReportReporter -->
<testsuite skipped="0" hostname="DESKTOP-VII0J20" name="com.FalconTalk.ManualAccountConfiguration.ManufacturerProfile" tests="5" failures="0" timestamp="2021-09-05T15:48:40 BDT" time="11.436" errors="0">
  <testcase name="manufacturerselectionTest" time="0.970" classname="com.FalconTalk.ManualAccountConfiguration.ManufacturerProfile"/>
  <system-out/>
  <testcase name="manufacturerSelectionandgogoApplyButtonTest" time="1.715" classname="com.FalconTalk.ManualAccountConfiguration.ManufacturerProfile"/>
  <system-out/>
  <testcase name="manufacturerSelectionandhoneywellApplyButtonTest" time="2.861" classname="com.FalconTalk.ManualAccountConfiguration.ManufacturerProfile"/>
  <system-out/>
  <testcase name="manufacturerSelectionsatcomDirectApplyButtonTest" time="2.983" classname="com.FalconTalk.ManualAccountConfiguration.ManufacturerProfile"/>
  <system-out/>
  <testcase name="manufacturerSelectioncustomApplyButtonTest" time="2.907" classname="com.FalconTalk.ManualAccountConfiguration.ManufacturerProfile"/>
  <system-out/>
</testsuite> <!-- com.FalconTalk.ManualAccountConfiguration.ManufacturerProfile -->
