<?xml version="1.0" encoding="UTF-8"?>
<!-- Generated by org.testng.reporters.JUnitReportReporter -->
<testsuite skipped="0" hostname="DESKTOP-VII0J20" name="com.FalconTalk.AddProfile.CabinProfile" tests="7" failures="0" timestamp="2021-07-07T17:34:40 BDT" time="37.320" errors="0">
  <testcase name="CabinRouterPageforGogo" time="5.385" classname="com.FalconTalk.AddProfile.CabinProfile"/>
  <system-out/>
  <testcase name="CabinRouterPageforHoneywellLegacy" time="5.720" classname="com.FalconTalk.AddProfile.CabinProfile"/>
  <system-out/>
  <testcase name="CabinRouterPageforHoneywellFc" time="6.127" classname="com.FalconTalk.AddProfile.CabinProfile"/>
  <system-out/>
  <testcase name="CabinRouterPageforHoneywellCNX" time="5.636" classname="com.FalconTalk.AddProfile.CabinProfile"/>
  <system-out/>
  <testcase name="CabinRouterPageforHoneywellGDR" time="6.203" classname="com.FalconTalk.AddProfile.CabinProfile"/>
  <system-out/>
  <testcase name="CabinRouterPageforSatcom" time="5.505" classname="com.FalconTalk.AddProfile.CabinProfile"/>
  <system-out/>
  <testcase name="CabinRouterPageforCustom" time="2.744" classname="com.FalconTalk.AddProfile.CabinProfile"/>
  <system-out/>
</testsuite> <!-- com.FalconTalk.AddProfile.CabinProfile -->
