<?xml version="1.0" encoding="UTF-8"?>
<!-- Generated by org.testng.reporters.JUnitReportReporter -->
<testsuite skipped="0" hostname="DESKTOP-VII0J20" name="com.FalconTalk.DialPlans.DialPlans" tests="2" failures="0" timestamp="2021-09-07T17:23:05 BDT" time="11.693" errors="0">
  <testcase name="AddNewDialPlansTest" time="4.702" classname="com.FalconTalk.DialPlans.DialPlans"/>
  <system-out/>
  <testcase name="DialPlansEditTest" time="6.991" classname="com.FalconTalk.DialPlans.DialPlans"/>
  <system-out/>
</testsuite> <!-- com.FalconTalk.DialPlans.DialPlans -->
