<?xml version="1.0" encoding="UTF-8"?>
<!-- Generated by org.testng.reporters.JUnitReportReporter -->
<testsuite skipped="0" hostname="DESKTOP-VII0J20" name="com.FalconTalk.ManualAccountConfiguration.CustomAccountConfiguration" tests="8" failures="1" timestamp="2021-09-07T17:47:18 BDT" time="33.382" errors="0">
  <testcase name="CustomProfileInputRegTest" time="6.407" classname="com.FalconTalk.ManualAccountConfiguration.CustomAccountConfiguration">
    <failure type="java.lang.AssertionError" message="Account is not registerd expected [Registered] but found [In Progress]">
      <![CDATA[java.lang.AssertionError: Account is not registerd expected [Registered] but found [In Progress]
at org.testng.Assert.fail(Assert.java:99)
at org.testng.Assert.failNotEquals(Assert.java:1037)
at org.testng.Assert.assertEqualsImpl(Assert.java:140)
at org.testng.Assert.assertEquals(Assert.java:122)
at org.testng.Assert.assertEquals(Assert.java:629)
at com.FalconTalk.ManualAccountConfiguration.CustomAccountConfiguration.CustomProfileInputRegTest(CustomAccountConfiguration.java:38)
at sun.reflect.NativeMethodAccessorImpl.invoke0(Native Method)
at sun.reflect.NativeMethodAccessorImpl.invoke(NativeMethodAccessorImpl.java:62)
at sun.reflect.DelegatingMethodAccessorImpl.invoke(DelegatingMethodAccessorImpl.java:43)
at java.lang.reflect.Method.invoke(Method.java:498)
at org.testng.internal.MethodInvocationHelper.invokeMethod(MethodInvocationHelper.java:132)
at org.testng.internal.TestInvoker.invokeMethod(TestInvoker.java:599)
at org.testng.internal.TestInvoker.invokeTestMethod(TestInvoker.java:174)
at org.testng.internal.MethodRunner.runInSequence(MethodRunner.java:46)
at org.testng.internal.TestInvoker$MethodInvocationAgent.invoke(TestInvoker.java:822)
at org.testng.internal.TestInvoker.invokeTestMethods(TestInvoker.java:147)
at org.testng.internal.TestMethodWorker.invokeTestMethods(TestMethodWorker.java:146)
at org.testng.internal.TestMethodWorker.run(TestMethodWorker.java:128)
at java.util.ArrayList.forEach(ArrayList.java:1259)
at org.testng.TestRunner.privateRun(TestRunner.java:764)
at org.testng.TestRunner.run(TestRunner.java:585)
at org.testng.SuiteRunner.runTest(SuiteRunner.java:384)
at org.testng.SuiteRunner.runSequentially(SuiteRunner.java:378)
at org.testng.SuiteRunner.privateRun(SuiteRunner.java:337)
at org.testng.SuiteRunner.run(SuiteRunner.java:286)
at org.testng.SuiteRunnerWorker.runSuite(SuiteRunnerWorker.java:53)
at org.testng.SuiteRunnerWorker.run(SuiteRunnerWorker.java:96)
at org.testng.TestNG.runSuitesSequentially(TestNG.java:1218)
at org.testng.TestNG.runSuitesLocally(TestNG.java:1140)
at org.testng.TestNG.runSuites(TestNG.java:1069)
at org.testng.TestNG.run(TestNG.java:1037)
at org.testng.remote.AbstractRemoteTestNG.run(AbstractRemoteTestNG.java:115)
at org.testng.remote.RemoteTestNG.initAndRun(RemoteTestNG.java:251)
at org.testng.remote.RemoteTestNG.main(RemoteTestNG.java:77)
]]>
    </failure>
  </testcase> <!-- CustomProfileInputRegTest -->
  <system-out/>
  <testcase name="CustomAccoundAddedDisablePreviousAcountTest" time="0.166" classname="com.FalconTalk.ManualAccountConfiguration.CustomAccountConfiguration"/>
  <system-out/>
  <testcase name="CustomAccountDisableWhenEnableingAutoAccountTest" time="6.101" classname="com.FalconTalk.ManualAccountConfiguration.CustomAccountConfiguration"/>
  <system-out/>
  <testcase name="CustomAccountEditTest" time="11.955" classname="com.FalconTalk.ManualAccountConfiguration.CustomAccountConfiguration"/>
  <system-out/>
  <testcase name="CustomAccountShowingOnKeypadTest" time="1.646" classname="com.FalconTalk.ManualAccountConfiguration.CustomAccountConfiguration"/>
  <system-out/>
  <testcase name="CustomAccontShowingOnNavDrawerTest" time="1.478" classname="com.FalconTalk.ManualAccountConfiguration.CustomAccountConfiguration"/>
  <system-out/>
  <testcase name="CustomAccountShowingOnProfileListTest" time="2.339" classname="com.FalconTalk.ManualAccountConfiguration.CustomAccountConfiguration"/>
  <system-out/>
  <testcase name="CustomAccountShowingOnAutoDiscoveryCabinListTest" time="3.290" classname="com.FalconTalk.ManualAccountConfiguration.CustomAccountConfiguration"/>
  <system-out/>
</testsuite> <!-- com.FalconTalk.ManualAccountConfiguration.CustomAccountConfiguration -->
