<?xml version="1.0" encoding="UTF-8"?>
<!-- Generated by org.testng.reporters.JUnitReportReporter -->
<testsuite skipped="0" hostname="DESKTOP-VII0J20" name="com.FalconTalk.com.AddProfile.ExtensionSelectionProfile" tests="18" failures="0" timestamp="2021-07-05T21:05:22 BDT" time="33.896" errors="0">
  <testcase name="ExtensionSelectionforGogoTest" time="5.575" classname="com.FalconTalk.com.AddProfile.ExtensionSelectionProfile"/>
  <system-out/>
  <testcase name="RingGroupNameforGogoTest" time="0.363" classname="com.FalconTalk.com.AddProfile.ExtensionSelectionProfile"/>
  <system-out/>
  <testcase name="DisplayNameforGogoTest" time="1.439" classname="com.FalconTalk.com.AddProfile.ExtensionSelectionProfile"/>
  <system-out/>
  <testcase name="ExtensionSelectionforLegacyTest" time="5.611" classname="com.FalconTalk.com.AddProfile.ExtensionSelectionProfile"/>
  <system-out/>
  <testcase name="RingGroupNameforLegacyTest" time="0.390" classname="com.FalconTalk.com.AddProfile.ExtensionSelectionProfile"/>
  <system-out/>
  <testcase name="DisplayNameforLegacyTest" time="0.812" classname="com.FalconTalk.com.AddProfile.ExtensionSelectionProfile"/>
  <system-out/>
  <testcase name="ExtensionSelectionforFcTest" time="3.328" classname="com.FalconTalk.com.AddProfile.ExtensionSelectionProfile"/>
  <system-out/>
  <testcase name="RingGroupNameforFcTest" time="0.435" classname="com.FalconTalk.com.AddProfile.ExtensionSelectionProfile"/>
  <system-out/>
  <testcase name="DisplayNameforFcTest" time="0.782" classname="com.FalconTalk.com.AddProfile.ExtensionSelectionProfile"/>
  <system-out/>
  <testcase name="ExtensionSelectionforCNXTest" time="3.385" classname="com.FalconTalk.com.AddProfile.ExtensionSelectionProfile"/>
  <system-out/>
  <testcase name="RingGroupNameforCNXTest" time="0.122" classname="com.FalconTalk.com.AddProfile.ExtensionSelectionProfile"/>
  <system-out/>
  <testcase name="DisplayNameforCNXTest" time="0.785" classname="com.FalconTalk.com.AddProfile.ExtensionSelectionProfile"/>
  <system-out/>
  <testcase name="ExtensionSelectionforGDRTest" time="3.373" classname="com.FalconTalk.com.AddProfile.ExtensionSelectionProfile"/>
  <system-out/>
  <testcase name="RingGroupNameforGDRTest" time="0.179" classname="com.FalconTalk.com.AddProfile.ExtensionSelectionProfile"/>
  <system-out/>
  <testcase name="DisplayNameforGDRTest" time="1.496" classname="com.FalconTalk.com.AddProfile.ExtensionSelectionProfile"/>
  <system-out/>
  <testcase name="ExtensionSelectionforSDRTest" time="5.450" classname="com.FalconTalk.com.AddProfile.ExtensionSelectionProfile"/>
  <system-out/>
  <testcase name="RingGroupNameforSDRTest" time="0.316" classname="com.FalconTalk.com.AddProfile.ExtensionSelectionProfile"/>
  <system-out/>
  <testcase name="DisplayNameforSDRTest" time="0.055" classname="com.FalconTalk.com.AddProfile.ExtensionSelectionProfile"/>
  <system-out/>
</testsuite> <!-- com.FalconTalk.com.AddProfile.ExtensionSelectionProfile -->
